<?xml version="1.0" encoding="UTF-8"?>
<testng-results ignored="0" total="2" passed="1" failed="1" skipped="0">
  <reporter-output>
  </reporter-output>
  <suite started-at="2024-10-19T13:50:55 IST" name="Default suite" finished-at="2024-10-19T13:51:30 IST" duration-ms="35365">
    <groups>
    </groups>
    <test started-at="2024-10-19T13:50:55 IST" name="Default test" finished-at="2024-10-19T13:51:30 IST" duration-ms="35365">
      <class name="com.runner.OpenMRSRunner">
        <test-method is-config="true" signature="setup()[pri:0, instance:com.runner.OpenMRSRunner@6d4d66d2]" started-at="2024-10-19T13:50:55 IST" name="setup" finished-at="2024-10-19T13:50:57 IST" duration-ms="2519" status="PASS">
          <reporter-output>
          </reporter-output>
        </test-method> <!-- setup -->
        <test-method signature="validLogin()[pri:1, instance:com.runner.OpenMRSRunner@6d4d66d2]" started-at="2024-10-19T13:50:57 IST" name="validLogin" finished-at="2024-10-19T13:51:04 IST" duration-ms="7191" status="PASS">
          <reporter-output>
          </reporter-output>
        </test-method> <!-- validLogin -->
        <test-method signature="register()[pri:2, instance:com.runner.OpenMRSRunner@6d4d66d2]" started-at="2024-10-19T13:51:04 IST" name="register" finished-at="2024-10-19T13:51:25 IST" duration-ms="20388" status="FAIL">
          <exception class="java.lang.AssertionError">
            <message>
              <![CDATA[Error: OCCUR DURING CLICKING ELEMENT]]>
            </message>
            <full-stacktrace>
              <![CDATA[java.lang.AssertionError: Error: OCCUR DURING CLICKING ELEMENT
at org.junit.Assert.fail(Assert.java:89)
at com.base.Base_Class.clickButton(Base_Class.java:144)
at pageobjectmodel.OpenMRSRegister.register(OpenMRSRegister.java:73)
at com.runner.OpenMRSRunner.register(OpenMRSRunner.java:30)
at java.base/jdk.internal.reflect.DirectMethodHandleAccessor.invoke(DirectMethodHandleAccessor.java:103)
at java.base/java.lang.reflect.Method.invoke(Method.java:580)
at org.testng.internal.MethodInvocationHelper.invokeMethod(MethodInvocationHelper.java:133)
at org.testng.internal.TestInvoker.invokeMethod(TestInvoker.java:598)
at org.testng.internal.TestInvoker.invokeTestMethod(TestInvoker.java:173)
at org.testng.internal.MethodRunner.runInSequence(MethodRunner.java:46)
at org.testng.internal.TestInvoker$MethodInvocationAgent.invoke(TestInvoker.java:824)
at org.testng.internal.TestInvoker.invokeTestMethods(TestInvoker.java:146)
at org.testng.internal.TestMethodWorker.invokeTestMethods(TestMethodWorker.java:146)
at org.testng.internal.TestMethodWorker.run(TestMethodWorker.java:128)
at java.base/java.util.ArrayList.forEach(ArrayList.java:1596)
at org.testng.TestRunner.privateRun(TestRunner.java:794)
at org.testng.TestRunner.run(TestRunner.java:596)
at org.testng.SuiteRunner.runTest(SuiteRunner.java:377)
at org.testng.SuiteRunner.runSequentially(SuiteRunner.java:371)
at org.testng.SuiteRunner.privateRun(SuiteRunner.java:332)
at org.testng.SuiteRunner.run(SuiteRunner.java:276)
at org.testng.SuiteRunnerWorker.runSuite(SuiteRunnerWorker.java:53)
at org.testng.SuiteRunnerWorker.run(SuiteRunnerWorker.java:96)
at org.testng.TestNG.runSuitesSequentially(TestNG.java:1212)
at org.testng.TestNG.runSuitesLocally(TestNG.java:1134)
at org.testng.TestNG.runSuites(TestNG.java:1063)
at org.testng.TestNG.run(TestNG.java:1031)
at org.testng.remote.AbstractRemoteTestNG.run(AbstractRemoteTestNG.java:115)
at org.testng.remote.RemoteTestNG.initAndRun(RemoteTestNG.java:293)
at org.testng.remote.RemoteTestNG.main(RemoteTestNG.java:91)
]]>
            </full-stacktrace>
          </exception> <!-- java.lang.AssertionError -->
          <reporter-output>
          </reporter-output>
        </test-method> <!-- register -->
        <test-method is-config="true" signature="terminate()[pri:0, instance:com.runner.OpenMRSRunner@6d4d66d2]" started-at="2024-10-19T13:51:25 IST" name="terminate" finished-at="2024-10-19T13:51:30 IST" duration-ms="5232" status="PASS">
          <reporter-output>
          </reporter-output>
        </test-method> <!-- terminate -->
      </class> <!-- com.runner.OpenMRSRunner -->
    </test> <!-- Default test -->
  </suite> <!-- Default suite -->
</testng-results>
